[debug] [2017-09-21T00:23:44.483Z] ----------------------------------------------------------------------
[debug] [2017-09-21T00:23:44.487Z] Command:       C:\Program Files\nodejs\node.exe C:\Users\drox2014\AppData\Roaming\npm\node_modules\firebase-tools\bin\firebase deploy
[debug] [2017-09-21T00:23:44.487Z] CLI Version:   3.12.0
[debug] [2017-09-21T00:23:44.487Z] Platform:      win32
[debug] [2017-09-21T00:23:44.487Z] Node Version:  v6.11.0
[debug] [2017-09-21T00:23:44.488Z] Time:          Thu Sep 21 2017 05:53:44 GMT+0530 (Sri Lanka Standard Time)
[debug] [2017-09-21T00:23:44.488Z] ----------------------------------------------------------------------
[debug] 
[debug] [2017-09-21T00:23:44.512Z] > command requires scopes: ["email","openid","https://www.googleapis.com/auth/cloudplatformprojects.readonly","https://www.googleapis.com/auth/firebase","https://www.googleapis.com/auth/cloud-platform"]
[debug] [2017-09-21T00:23:44.512Z] > authorizing via signed-in user
[debug] [2017-09-21T00:23:44.517Z] > refreshing access token with scopes: ["email","https://www.googleapis.com/auth/cloud-platform","https://www.googleapis.com/auth/cloudplatformprojects.readonly","https://www.googleapis.com/auth/firebase","openid"]
[debug] [2017-09-21T00:23:44.517Z] >>> HTTP REQUEST POST https://www.googleapis.com/oauth2/v3/token { refresh_token: '1/0Kqf27wD6eJS7f1dG29YMP6G5DQBw-E5_CSLfRhg_Lo',
  client_id: '563584335869-fgrhgmd47bqnekij5i8b5pr03ho849e6.apps.googleusercontent.com',
  client_secret: 'j9iVZfS8kkCEFUPaAeJV0sAi',
  grant_type: 'refresh_token',
  scope: 'email https://www.googleapis.com/auth/cloud-platform https://www.googleapis.com/auth/cloudplatformprojects.readonly https://www.googleapis.com/auth/firebase openid' } 
 Thu Sep 21 2017 05:53:44 GMT+0530 (Sri Lanka Standard Time)
[debug] [2017-09-21T00:23:46.008Z] <<< HTTP RESPONSE 200
[debug] [2017-09-21T00:23:46.193Z] >>> HTTP REQUEST GET https://admin.firebase.com/v1/projects/vehicle-assistant  
 Thu Sep 21 2017 05:53:46 GMT+0530 (Sri Lanka Standard Time)
[debug] [2017-09-21T00:23:47.968Z] <<< HTTP RESPONSE 200
[debug] [2017-09-21T00:23:47.970Z] >>> HTTP REQUEST GET https://admin.firebase.com/v1/database/vehicle-assistant/tokens  
 Thu Sep 21 2017 05:53:47 GMT+0530 (Sri Lanka Standard Time)
[debug] [2017-09-21T00:23:50.321Z] <<< HTTP RESPONSE 200
[info] 
[info] === Deploying to 'vehicle-assistant'...
[info] 
[info] i  deploying hosting
[info] i  hosting: preparing / directory for upload...
[debug] [2017-09-21T00:23:56.496Z] >>> HTTP REQUEST PUT https://deploy.firebase.com/v1/hosting/vehicle-assistant/uploads/-KuWoSLKbhJW29m8lSDw?fileCount=137&message=  
 Thu Sep 21 2017 05:53:56 GMT+0530 (Sri Lanka Standard Time)
[info] +  hosting: 137 files uploaded successfully
[info] i  starting release process (may take several minutes)...
[debug] [2017-09-21T01:03:31.467Z] >>> HTTP REQUEST POST https://deploy.firebase.com/v1/projects/vehicle-assistant/releases { hosting: 
   { public: '/',
     ignore: [ 'firebase.json', '**/.*', '**/doc/**' ],
     version: '-KuWoSLKbhJW29m8lSDw',
     prefix: '-KuWoSLKbhJW29m8lSDw/',
     manifest: [] } } 
 Thu Sep 21 2017 06:33:31 GMT+0530 (Sri Lanka Standard Time)
[debug] [2017-09-21T01:03:31.480Z] <<< HTTP RESPONSE 200
[debug] [2017-09-21T01:03:31.481Z] [hosting] .tgz uploaded successfully, waiting for extraction
[debug] [2017-09-21T01:03:47.403Z] ----------------------------------------------------------------------
[debug] [2017-09-21T01:03:47.406Z] Command:       C:\Program Files\nodejs\node.exe C:\Users\drox2014\AppData\Roaming\npm\node_modules\firebase-tools\bin\firebase deploy
[debug] [2017-09-21T01:03:47.406Z] CLI Version:   3.12.0
[debug] [2017-09-21T01:03:47.406Z] Platform:      win32
[debug] [2017-09-21T01:03:47.406Z] Node Version:  v6.11.0
[debug] [2017-09-21T01:03:47.407Z] Time:          Thu Sep 21 2017 06:33:47 GMT+0530 (Sri Lanka Standard Time)
[debug] [2017-09-21T01:03:47.407Z] ----------------------------------------------------------------------
[debug] 
[debug] [2017-09-21T01:03:47.418Z] > command requires scopes: ["email","openid","https://www.googleapis.com/auth/cloudplatformprojects.readonly","https://www.googleapis.com/auth/firebase","https://www.googleapis.com/auth/cloud-platform"]
[debug] [2017-09-21T01:03:47.419Z] > authorizing via signed-in user
[debug] [2017-09-21T01:03:47.421Z] >>> HTTP REQUEST GET https://admin.firebase.com/v1/projects/vehicle-assistant  
 Thu Sep 21 2017 06:33:47 GMT+0530 (Sri Lanka Standard Time)
[debug] [2017-09-21T01:03:49.036Z] <<< HTTP RESPONSE 200
[debug] [2017-09-21T01:03:49.039Z] >>> HTTP REQUEST GET https://admin.firebase.com/v1/database/vehicle-assistant/tokens  
 Thu Sep 21 2017 06:33:49 GMT+0530 (Sri Lanka Standard Time)
[debug] [2017-09-21T01:03:50.216Z] <<< HTTP RESPONSE 200
[info] 
[info] === Deploying to 'vehicle-assistant'...
[info] 
[info] i  deploying hosting
[info] i  hosting: preparing / directory for upload...
[debug] [2017-09-21T01:03:55.986Z] >>> HTTP REQUEST PUT https://deploy.firebase.com/v1/hosting/vehicle-assistant/uploads/-KuWxbA6ZCFZqj5TPLwM?fileCount=140&message=  
 Thu Sep 21 2017 06:33:55 GMT+0530 (Sri Lanka Standard Time)
